<?xml version="1.0" encoding="UTF-8"?>
<testng-results skipped="0" failed="0" total="3" passed="3">
  <reporter-output>
    <line>
      <![CDATA[Test case: testCase1.txt took 63 ms]]>
    </line>
    <line>
      <![CDATA[Test case: testCase2.txt took 0 ms]]>
    </line>
    <line>
      <![CDATA[Test case: testCase3.txt took 0 ms]]>
    </line>
  </reporter-output>
  <suite name="Default suite" duration-ms="109" started-at="2019-09-22T19:33:21Z" finished-at="2019-09-22T19:33:21Z">
    <groups>
    </groups>
    <test name="Default test" duration-ms="109" started-at="2019-09-22T19:33:21Z" finished-at="2019-09-22T19:33:21Z">
      <class name="TestQuestionNo1">
        <test-method status="PASS" signature="test(java.lang.String, java.lang.String)[pri:0, instance:TestQuestionNo1@47d384ee]" name="test" duration-ms="94" started-at="2019-09-23T01:03:21Z" data-provider="TEST_CASES" finished-at="2019-09-23T01:03:21Z">
          <params>
            <param index="0">
              <value>
                <![CDATA[testCase1.txt]]>
              </value>
            </param>
            <param index="1">
              <value>
                <![CDATA[testCase1Sol.txt]]>
              </value>
            </param>
          </params>
          <reporter-output>
            <line>
              <![CDATA[Test case: testCase1.txt took 63 ms]]>
            </line>
          </reporter-output>
        </test-method> <!-- test -->
        <test-method status="PASS" signature="test(java.lang.String, java.lang.String)[pri:0, instance:TestQuestionNo1@47d384ee]" name="test" duration-ms="0" started-at="2019-09-23T01:03:21Z" data-provider="TEST_CASES" finished-at="2019-09-23T01:03:21Z">
          <params>
            <param index="0">
              <value>
                <![CDATA[testCase2.txt]]>
              </value>
            </param>
            <param index="1">
              <value>
                <![CDATA[testCase2Sol.txt]]>
              </value>
            </param>
          </params>
          <reporter-output>
            <line>
              <![CDATA[Test case: testCase2.txt took 0 ms]]>
            </line>
          </reporter-output>
        </test-method> <!-- test -->
        <test-method status="PASS" signature="test(java.lang.String, java.lang.String)[pri:0, instance:TestQuestionNo1@47d384ee]" name="test" duration-ms="0" started-at="2019-09-23T01:03:21Z" data-provider="TEST_CASES" finished-at="2019-09-23T01:03:21Z">
          <params>
            <param index="0">
              <value>
                <![CDATA[testCase3.txt]]>
              </value>
            </param>
            <param index="1">
              <value>
                <![CDATA[testCase3Sol.txt]]>
              </value>
            </param>
          </params>
          <reporter-output>
            <line>
              <![CDATA[Test case: testCase3.txt took 0 ms]]>
            </line>
          </reporter-output>
        </test-method> <!-- test -->
      </class> <!-- TestQuestionNo1 -->
    </test> <!-- Default test -->
  </suite> <!-- Default suite -->
</testng-results>
